<?xml version="1.0" encoding="UTF-8"?>
<testsuite name="cn.edu.scujcc.DiandianApplicationTests" tests="1" skipped="0" failures="0" errors="0" timestamp="2020-04-22T03:16:18" hostname="DESKTOP-2C3KJIM" time="0.271">
  <properties/>
  <testcase name="contextLoads()" classname="cn.edu.scujcc.DiandianApplicationTests" time="0.271"/>
  <system-out><![CDATA[11:16:15.938 [Test worker] DEBUG org.springframework.test.context.BootstrapUtils - Instantiating CacheAwareContextLoaderDelegate from class [org.springframework.test.context.cache.DefaultCacheAwareContextLoaderDelegate]
11:16:15.949 [Test worker] DEBUG org.springframework.test.context.BootstrapUtils - Instantiating BootstrapContext using constructor [public org.springframework.test.context.support.DefaultBootstrapContext(java.lang.Class,org.springframework.test.context.CacheAwareContextLoaderDelegate)]
11:16:15.970 [Test worker] DEBUG org.springframework.test.context.BootstrapUtils - Instantiating TestContextBootstrapper for test class [cn.edu.scujcc.DiandianApplicationTests] from class [org.springframework.boot.test.context.SpringBootTestContextBootstrapper]
11:16:15.982 [Test worker] INFO org.springframework.boot.test.context.SpringBootTestContextBootstrapper - Neither @ContextConfiguration nor @ContextHierarchy found for test class [cn.edu.scujcc.DiandianApplicationTests], using SpringBootContextLoader
11:16:15.986 [Test worker] DEBUG org.springframework.test.context.support.AbstractContextLoader - Did not detect default resource location for test class [cn.edu.scujcc.DiandianApplicationTests]: class path resource [cn/edu/scujcc/DiandianApplicationTests-context.xml] does not exist
11:16:15.987 [Test worker] DEBUG org.springframework.test.context.support.AbstractContextLoader - Did not detect default resource location for test class [cn.edu.scujcc.DiandianApplicationTests]: class path resource [cn/edu/scujcc/DiandianApplicationTestsContext.groovy] does not exist
11:16:15.987 [Test worker] INFO org.springframework.test.context.support.AbstractContextLoader - Could not detect default resource locations for test class [cn.edu.scujcc.DiandianApplicationTests]: no resource found for suffixes {-context.xml, Context.groovy}.
11:16:15.988 [Test worker] INFO org.springframework.test.context.support.AnnotationConfigContextLoaderUtils - Could not detect default configuration classes for test class [cn.edu.scujcc.DiandianApplicationTests]: DiandianApplicationTests does not declare any static, non-private, non-final, nested classes annotated with @Configuration.
11:16:16.018 [Test worker] DEBUG org.springframework.test.context.support.ActiveProfilesUtils - Could not find an 'annotation declaring class' for annotation type [org.springframework.test.context.ActiveProfiles] and class [cn.edu.scujcc.DiandianApplicationTests]
11:16:16.081 [Test worker] DEBUG org.springframework.context.annotation.ClassPathScanningCandidateComponentProvider - Identified candidate component class: file [E:\Spring\projects\3.4\helloworld\build\classes\java\main\cn\edu\scujcc\DiandianApplication.class]
11:16:16.082 [Test worker] INFO org.springframework.boot.test.context.SpringBootTestContextBootstrapper - Found @SpringBootConfiguration cn.edu.scujcc.DiandianApplication for test class cn.edu.scujcc.DiandianApplicationTests
11:16:16.173 [Test worker] DEBUG org.springframework.boot.test.context.SpringBootTestContextBootstrapper - @TestExecutionListeners is not present for class [cn.edu.scujcc.DiandianApplicationTests]: using defaults.
11:16:16.173 [Test worker] INFO org.springframework.boot.test.context.SpringBootTestContextBootstrapper - Loaded default TestExecutionListener class names from location [META-INF/spring.factories]: [org.springframework.boot.test.autoconfigure.restdocs.RestDocsTestExecutionListener, org.springframework.boot.test.autoconfigure.web.client.MockRestServiceServerResetTestExecutionListener, org.springframework.boot.test.autoconfigure.web.servlet.MockMvcPrintOnlyOnFailureTestExecutionListener, org.springframework.boot.test.autoconfigure.web.servlet.WebDriverTestExecutionListener, org.springframework.boot.test.mock.mockito.MockitoTestExecutionListener, org.springframework.boot.test.mock.mockito.ResetMocksTestExecutionListener, org.springframework.test.context.web.ServletTestExecutionListener, org.springframework.test.context.support.DirtiesContextBeforeModesTestExecutionListener, org.springframework.test.context.support.DependencyInjectionTestExecutionListener, org.springframework.test.context.support.DirtiesContextTestExecutionListener, org.springframework.test.context.transaction.TransactionalTestExecutionListener, org.springframework.test.context.jdbc.SqlScriptsTestExecutionListener, org.springframework.test.context.event.EventPublishingTestExecutionListener]
11:16:16.187 [Test worker] INFO org.springframework.boot.test.context.SpringBootTestContextBootstrapper - Using TestExecutionListeners: [org.springframework.test.context.web.ServletTestExecutionListener@2b23bc27, org.springframework.test.context.support.DirtiesContextBeforeModesTestExecutionListener@47d92522, org.springframework.boot.test.mock.mockito.MockitoTestExecutionListener@32250ee1, org.springframework.boot.test.autoconfigure.SpringBootDependencyInjectionTestExecutionListener@fd9d321, org.springframework.test.context.support.DirtiesContextTestExecutionListener@39ad8479, org.springframework.test.context.transaction.TransactionalTestExecutionListener@37d3465b, org.springframework.test.context.jdbc.SqlScriptsTestExecutionListener@2d1b0446, org.springframework.test.context.event.EventPublishingTestExecutionListener@6c1a9a1f, org.springframework.boot.test.autoconfigure.restdocs.RestDocsTestExecutionListener@39c155a9, org.springframework.boot.test.autoconfigure.web.client.MockRestServiceServerResetTestExecutionListener@140d2d54, org.springframework.boot.test.autoconfigure.web.servlet.MockMvcPrintOnlyOnFailureTestExecutionListener@61c122a7, org.springframework.boot.test.autoconfigure.web.servlet.WebDriverTestExecutionListener@59b396e2, org.springframework.boot.test.mock.mockito.ResetMocksTestExecutionListener@6aecec60]
11:16:16.191 [Test worker] DEBUG org.springframework.test.context.support.AbstractDirtiesContextTestExecutionListener - Before test class: context [DefaultTestContext@381dafef testClass = DiandianApplicationTests, testInstance = [null], testMethod = [null], testException = [null], mergedContextConfiguration = [WebMergedContextConfiguration@23f01649 testClass = DiandianApplicationTests, locations = '{}', classes = '{class cn.edu.scujcc.DiandianApplication}', contextInitializerClasses = '[]', activeProfiles = '{}', propertySourceLocations = '{}', propertySourceProperties = '{org.springframework.boot.test.context.SpringBootTestContextBootstrapper=true}', contextCustomizers = set[org.springframework.boot.test.autoconfigure.properties.PropertyMappingContextCustomizer@0, org.springframework.boot.test.autoconfigure.web.servlet.WebDriverContextCustomizerFactory$Customizer@5e608f74, org.springframework.boot.test.context.filter.ExcludeFilterContextCustomizer@6fc00ac, org.springframework.boot.test.json.DuplicateJsonObjectContextCustomizerFactory$DuplicateJsonObjectContextCustomizer@785a0cb9, org.springframework.boot.test.mock.mockito.MockitoContextCustomizer@0, org.springframework.boot.test.web.client.TestRestTemplateContextCustomizer@792465e6], resourceBasePath = 'src/main/webapp', contextLoader = 'org.springframework.boot.test.context.SpringBootContextLoader', parent = [null]], attributes = map['org.springframework.test.context.web.ServletTestExecutionListener.activateListener' -> true]], class annotated with @DirtiesContext [false] with mode [null].
11:16:16.215 [Test worker] DEBUG org.springframework.test.context.support.TestPropertySourceUtils - Adding inlined properties to environment: {spring.jmx.enabled=false, org.springframework.boot.test.context.SpringBootTestContextBootstrapper=true, server.port=-1}
LOGBACK: No context given for c.q.l.core.rolling.SizeAndTimeBasedRollingPolicy@1662233457

  .   ____          _            __ _ _
 /\\ / ___'_ __ _ _(_)_ __  __ _ \ \ \ \
( ( )\___ | '_ | '_| | '_ \/ _` | \ \ \ \
 \\/  ___)| |_)| | | | | || (_| |  ) ) ) )
  '  |____| .__|_| |_|_| |_\__, | / / / /
 =========|_|==============|___/=/_/_/_/
 :: Spring Boot ::        (v2.2.5.RELEASE)

2020-04-22 11:16:16.533  INFO 276 --- [    Test worker] cn.edu.scujcc.DiandianApplicationTests   : Starting DiandianApplicationTests on DESKTOP-2C3KJIM with PID 276 (started by DRB in E:\Spring\projects\3.4\helloworld)
2020-04-22 11:16:16.550  INFO 276 --- [    Test worker] cn.edu.scujcc.DiandianApplicationTests   : No active profile set, falling back to default profiles: default
2020-04-22 11:16:17.025  INFO 276 --- [    Test worker] .s.d.r.c.RepositoryConfigurationDelegate : Bootstrapping Spring Data MongoDB repositories in DEFAULT mode.
2020-04-22 11:16:17.080  INFO 276 --- [    Test worker] .s.d.r.c.RepositoryConfigurationDelegate : Finished Spring Data repository scanning in 49ms. Found 1 MongoDB repository interfaces.
2020-04-22 11:16:17.492  INFO 276 --- [    Test worker] org.mongodb.driver.cluster               : Cluster created with settings {hosts=[localhost:27017], mode=SINGLE, requiredClusterType=UNKNOWN, serverSelectionTimeout='30000 ms', maxWaitQueueSize=500}
2020-04-22 11:16:17.542  INFO 276 --- [localhost:27017] org.mongodb.driver.connection            : Opened connection [connectionId{localValue:1, serverValue:1}] to localhost:27017
2020-04-22 11:16:17.548  INFO 276 --- [localhost:27017] org.mongodb.driver.cluster               : Monitor thread successfully connected to server with description ServerDescription{address=localhost:27017, type=STANDALONE, state=CONNECTED, ok=true, version=ServerVersion{versionList=[4, 2, 3]}, minWireVersion=0, maxWireVersion=8, maxDocumentSize=16777216, logicalSessionTimeoutMinutes=30, roundTripTimeNanos=2382800}
2020-04-22 11:16:18.156  INFO 276 --- [    Test worker] o.s.s.concurrent.ThreadPoolTaskExecutor  : Initializing ExecutorService 'applicationTaskExecutor'
2020-04-22 11:16:18.374  INFO 276 --- [    Test worker] cn.edu.scujcc.DiandianApplicationTests   : Started DiandianApplicationTests in 2.15 seconds (JVM running for 3.559)
]]></system-out>
  <system-err><![CDATA[]]></system-err>
</testsuite>
